<?xml version="1.0" encoding="UTF-8" ?>
<testsuite failures="0" time="0.163" errors="0" skipped="0" tests="1" name="org.iish.TestRecord">
  <properties>
    <property name="java.runtime.name" value="Java(TM) SE Runtime Environment"/>
    <property name="sun.boot.library.path" value="C:\Program Files\Java\jdk1.6.0_22\jre\bin"/>
    <property name="java.vm.version" value="17.1-b03"/>
    <property name="java.vm.vendor" value="Sun Microsystems Inc."/>
    <property name="java.vendor.url" value="http://java.sun.com/"/>
    <property name="path.separator" value=";"/>
    <property name="java.vm.name" value="Java HotSpot(TM) 64-Bit Server VM"/>
    <property name="file.encoding.pkg" value="sun.io"/>
    <property name="user.country" value="NL"/>
    <property name="sun.java.launcher" value="SUN_STANDARD"/>
    <property name="sun.os.patch.level" value="Service Pack 2"/>
    <property name="java.vm.specification.name" value="Java Virtual Machine Specification"/>
    <property name="user.dir" value="C:\Users\lwo\projects\search.socialhistory.org\bash"/>
    <property name="java.runtime.version" value="1.6.0_22-b04"/>
    <property name="java.awt.graphicsenv" value="sun.awt.Win32GraphicsEnvironment"/>
    <property name="basedir" value="C:\Users\lwo\projects\search.socialhistory.org\bash"/>
    <property name="java.endorsed.dirs" value="C:\Program Files\Java\jdk1.6.0_22\jre\lib\endorsed"/>
    <property name="os.arch" value="amd64"/>
    <property name="surefire.real.class.path" value="C:\Users\lwo\projects\search.socialhistory.org\bash\target\surefire\surefirebooter8898046128427175956.jar"/>
    <property name="java.io.tmpdir" value="C:\Users\lwo\AppData\Local\Temp\5\"/>
    <property name="line.separator" value="
"/>
    <property name="java.vm.specification.vendor" value="Sun Microsystems Inc."/>
    <property name="user.variant" value=""/>
    <property name="os.name" value="Windows Server 2008"/>
    <property name="sun.jnu.encoding" value="Cp1252"/>
    <property name="java.library.path" value="C:\Program Files\Java\jdk1.6.0_22\jre\bin;.;C:\Windows\Sun\Java\bin;C:\Windows\system32;C:\Windows;C:\Program Files (x86)\JetBrains\IntelliJ IDEA 10.5.2\bin\..\.\bin;C:\Windows\system32;C:\Windows;C:\Windows\System32\Wbem;&quot;C:\Program Files (x86)\apache-ant-1.7.1\bin&quot;;&quot;C:\Program Files (x86)\apache-maven-3.0\bin&quot;;&quot;%SUN_SDK_HOME%\lib&quot;;C:\Program Files\TortoiseSVN\bin;C:\Program Files (x86)\Git\cmd;C:\activemq;C:\mongodb\bin;C:\xampp\php;C:\jaxb\bin;C:\Windows\System32\WindowsPowerShell\v1.0\;c:\program files (x86)\jetbrains\intellij idea 10.5.2\jre\jre\bin"/>
    <property name="surefire.test.class.path" value="C:\Users\lwo\projects\search.socialhistory.org\bash\target\test-classes;C:\Users\lwo\projects\search.socialhistory.org\bash\target\classes;C:\Users\lwo\.m2\repository\log4j\log4j\1.2.8\log4j-1.2.8.jar;C:\Users\lwo\.m2\repository\junit\junit\4.8.1\junit-4.8.1.jar;C:\Users\lwo\.m2\repository\org\marc4j\marc4j\2.1.2\marc4j-2.1.2.jar;C:\Users\lwo\.m2\repository\solrmarc\MarcImporter\2.1.2\MarcImporter-2.1.2.jar;"/>
    <property name="java.specification.name" value="Java Platform API Specification"/>
    <property name="java.class.version" value="50.0"/>
    <property name="sun.management.compiler" value="HotSpot 64-Bit Server Compiler"/>
    <property name="os.version" value="6.0"/>
    <property name="user.home" value="C:\Users\lwo"/>
    <property name="user.timezone" value="Europe/Berlin"/>
    <property name="java.awt.printerjob" value="sun.awt.windows.WPrinterJob"/>
    <property name="java.specification.version" value="1.6"/>
    <property name="file.encoding" value="Cp1252"/>
    <property name="user.name" value="lwo"/>
    <property name="java.class.path" value="C:\Users\lwo\projects\search.socialhistory.org\bash\target\test-classes;C:\Users\lwo\projects\search.socialhistory.org\bash\target\classes;C:\Users\lwo\.m2\repository\log4j\log4j\1.2.8\log4j-1.2.8.jar;C:\Users\lwo\.m2\repository\junit\junit\4.8.1\junit-4.8.1.jar;C:\Users\lwo\.m2\repository\org\marc4j\marc4j\2.1.2\marc4j-2.1.2.jar;C:\Users\lwo\.m2\repository\solrmarc\MarcImporter\2.1.2\MarcImporter-2.1.2.jar;"/>
    <property name="java.vm.specification.version" value="1.0"/>
    <property name="sun.arch.data.model" value="64"/>
    <property name="java.home" value="C:\Program Files\Java\jdk1.6.0_22\jre"/>
    <property name="java.specification.vendor" value="Sun Microsystems Inc."/>
    <property name="user.language" value="nl"/>
    <property name="awt.toolkit" value="sun.awt.windows.WToolkit"/>
    <property name="java.vm.info" value="mixed mode"/>
    <property name="java.version" value="1.6.0_22"/>
    <property name="java.ext.dirs" value="C:\Program Files\Java\jdk1.6.0_22\jre\lib\ext;C:\Windows\Sun\Java\lib\ext"/>
    <property name="sun.boot.class.path" value="C:\Program Files\Java\jdk1.6.0_22\jre\lib\resources.jar;C:\Program Files\Java\jdk1.6.0_22\jre\lib\rt.jar;C:\Program Files\Java\jdk1.6.0_22\jre\lib\sunrsasign.jar;C:\Program Files\Java\jdk1.6.0_22\jre\lib\jsse.jar;C:\Program Files\Java\jdk1.6.0_22\jre\lib\jce.jar;C:\Program Files\Java\jdk1.6.0_22\jre\lib\charsets.jar;C:\Program Files\Java\jdk1.6.0_22\jre\classes"/>
    <property name="java.vendor" value="Sun Microsystems Inc."/>
    <property name="localRepository" value="C:\Users\lwo\.m2\repository"/>
    <property name="file.separator" value="\"/>
    <property name="java.vendor.url.bug" value="http://java.sun.com/cgi-bin/bugreport.cgi"/>
    <property name="sun.cpu.endian" value="little"/>
    <property name="sun.io.unicode.encoding" value="UnicodeLittle"/>
    <property name="sun.desktop" value="windows"/>
    <property name="sun.cpu.isalist" value="amd64"/>
  </properties>
  <testcase time="0.09" classname="org.iish.TestRecord" name="getCollector"/>
</testsuite>